<?xml version="1.0" encoding="UTF-8"?>
<testsuite xmlns:xsi="http://www.w3.org/2001/XMLSchema-instance" xsi:noNamespaceSchemaLocation="https://maven.apache.org/surefire/maven-surefire-plugin/xsd/surefire-test-report.xsd" version="3.0.2" name="com.hilo.rewards.service.WalletValidationTest" time="0.091" tests="15" errors="0" skipped="0" failures="0">
  <properties>
[...]
</properties>
  <testcase name="validateWallet_tooLong_throwsInvalidWallet" classname="com.hilo.rewards.service.WalletValidationTest" time="0.007"/>
  <testcase name="validateWallet_null_throwsInvalidWallet" classname="com.hilo.rewards.service.WalletValidationTest" time="0.007"/>
  <testcase name="validateWallet_emptyString_throwsInvalidWallet" classname="com.hilo.rewards.service.WalletValidationTest" time="0.005"/>
  <testcase name="validateWallet_validAddress_noException" classname="com.hilo.rewards.service.WalletValidationTest" time="0.004"/>
  <testcase name="processReward_invalidWalletInGroup_throwsException" classname="com.hilo.rewards.service.WalletValidationTest" time="0.011">
    <system-out><![CDATA[12:17:03.162 [main] INFO com.hilo.rewards.service.RewardService -- Processing reward: rewardId=0x3b7017ca52f48811cb90a58d4b41c5dc7fd7e6ec25e8cd578d4cd672088198dd, groupId=100, userId=admin
]]></system-out>
  </testcase>
  <testcase name="validateWallet_invalidChecksumChars_throwsInvalidWallet" classname="com.hilo.rewards.service.WalletValidationTest" time="0.008"/>
  <testcase name="validateWallet_uppercaseAddress_noException" classname="com.hilo.rewards.service.WalletValidationTest" time="0.004"/>
  <testcase name="processReward_validWalletAddresses_completes" classname="com.hilo.rewards.service.WalletValidationTest" time="0.008">
    <system-out><![CDATA[12:17:03.184 [main] INFO com.hilo.rewards.service.RewardService -- Processing reward: rewardId=0x622eef632e5f1cba3ba96f0ed9ed2e76558ba5a7cf3d7645245d7cc9a03aed4d, groupId=100, userId=admin
]]></system-out>
  </testcase>
  <testcase name="validateWallet_tooShort_throwsInvalidWallet" classname="com.hilo.rewards.service.WalletValidationTest" time="0.004"/>
  <testcase name="validateWallet_zeroAddressMixedCase_throwsInvalidWallet" classname="com.hilo.rewards.service.WalletValidationTest" time="0.003"/>
  <testcase name="validateWallet_noHexPrefix_throwsInvalidWallet" classname="com.hilo.rewards.service.WalletValidationTest" time="0.003"/>
  <testcase name="validateWallet_lowercaseAddress_noException" classname="com.hilo.rewards.service.WalletValidationTest" time="0.003"/>
  <testcase name="validateWallet_blankString_throwsInvalidWallet" classname="com.hilo.rewards.service.WalletValidationTest" time="0.003"/>
  <testcase name="validateWallet_zeroAddress_throwsInvalidWallet" classname="com.hilo.rewards.service.WalletValidationTest" time="0.003"/>
  <testcase name="validateWallet_validAddress2_noException" classname="com.hilo.rewards.service.WalletValidationTest" time="0.003"/>
</testsuite>