<?xml version="1.0" encoding="UTF-8"?>
<testsuite xmlns:xsi="http://www.w3.org/2001/XMLSchema-instance" xsi:noNamespaceSchemaLocation="https://maven.apache.org/surefire/maven-surefire-plugin/xsd/surefire-test-report.xsd" version="3.0.2" name="com.hilo.rewards.service.RewardServiceTest" time="0.384" tests="16" errors="0" skipped="0" failures="0">
  <properties>
[...]
</properties>
  <testcase name="processReward_groupNotFound_throwsException" classname="com.hilo.rewards.service.RewardServiceTest" time="0.228">
    <system-out><![CDATA[12:17:02.957 [main] INFO com.hilo.rewards.service.RewardService -- Processing reward: rewardId=0x031aae80f4ca65987e191aeb3284433b354e2a4f8855a6e1d7d980742ec747a2, groupId=100, userId=admin-user
]]></system-out>
  </testcase>
  <testcase name="processReward_memberNotApproved_throwsException" classname="com.hilo.rewards.service.RewardServiceTest" time="0.01">
    <system-out><![CDATA[12:17:02.974 [main] INFO com.hilo.rewards.service.RewardService -- Processing reward: rewardId=0x031aae80f4ca65987e191aeb3284433b354e2a4f8855a6e1d7d980742ec747a2, groupId=100, userId=admin-user
]]></system-out>
  </testcase>
  <testcase name="processReward_memberWithoutWallet_throwsException" classname="com.hilo.rewards.service.RewardServiceTest" time="0.008">
    <system-out><![CDATA[12:17:02.984 [main] INFO com.hilo.rewards.service.RewardService -- Processing reward: rewardId=0x031aae80f4ca65987e191aeb3284433b354e2a4f8855a6e1d7d980742ec747a2, groupId=100, userId=admin-user
]]></system-out>
  </testcase>
  <testcase name="processReward_emptyWalletString_throwsException" classname="com.hilo.rewards.service.RewardServiceTest" time="0.009">
    <system-out><![CDATA[12:17:02.995 [main] INFO com.hilo.rewards.service.RewardService -- Processing reward: rewardId=0x031aae80f4ca65987e191aeb3284433b354e2a4f8855a6e1d7d980742ec747a2, groupId=100, userId=admin-user
]]></system-out>
  </testcase>
  <testcase name="processReward_alreadyProcessed_throwsException" classname="com.hilo.rewards.service.RewardServiceTest" time="0.009">
    <system-out><![CDATA[12:17:03.003 [main] INFO com.hilo.rewards.service.RewardService -- Processing reward: rewardId=0x031aae80f4ca65987e191aeb3284433b354e2a4f8855a6e1d7d980742ec747a2, groupId=100, userId=admin-user
12:17:03.004 [main] INFO com.hilo.rewards.service.RewardService -- Reward already processed on-chain: 0x031aae80f4ca65987e191aeb3284433b354e2a4f8855a6e1d7d980742ec747a2
]]></system-out>
  </testcase>
  <testcase name="processReward_duplicateWallet_throwsException" classname="com.hilo.rewards.service.RewardServiceTest" time="0.008">
    <system-out><![CDATA[12:17:03.013 [main] INFO com.hilo.rewards.service.RewardService -- Processing reward: rewardId=0x031aae80f4ca65987e191aeb3284433b354e2a4f8855a6e1d7d980742ec747a2, groupId=100, userId=admin-user
]]></system-out>
  </testcase>
  <testcase name="processReward_groupEmpty_throwsException" classname="com.hilo.rewards.service.RewardServiceTest" time="0.008">
    <system-out><![CDATA[12:17:03.022 [main] INFO com.hilo.rewards.service.RewardService -- Processing reward: rewardId=0x031aae80f4ca65987e191aeb3284433b354e2a4f8855a6e1d7d980742ec747a2, groupId=100, userId=admin-user
]]></system-out>
  </testcase>
  <testcase name="processReward_courseInactive_throwsException" classname="com.hilo.rewards.service.RewardServiceTest" time="0.007">
    <system-out><![CDATA[12:17:03.030 [main] INFO com.hilo.rewards.service.RewardService -- Processing reward: rewardId=0x031aae80f4ca65987e191aeb3284433b354e2a4f8855a6e1d7d980742ec747a2, groupId=100, userId=admin-user
]]></system-out>
  </testcase>
  <testcase name="processReward_blockchainFails_throwsException" classname="com.hilo.rewards.service.RewardServiceTest" time="0.018">
    <system-out><![CDATA[12:17:03.043 [main] INFO com.hilo.rewards.service.RewardService -- Processing reward: rewardId=0x031aae80f4ca65987e191aeb3284433b354e2a4f8855a6e1d7d980742ec747a2, groupId=100, userId=admin-user
12:17:03.045 [main] ERROR com.hilo.rewards.service.RewardService -- Blockchain transaction failed for reward 0x031aae80f4ca65987e191aeb3284433b354e2a4f8855a6e1d7d980742ec747a2
java.lang.RuntimeException: RPC error
	at com.hilo.rewards.service.BlockchainService.processReward(BlockchainService.java:30)
	at com.hilo.rewards.service.RewardService.processReward(RewardService.java:140)
	at com.hilo.rewards.service.RewardServiceTest.lambda$processReward_blockchainFails_throwsException$10(RewardServiceTest.java:249)
	at org.junit.jupiter.api.AssertThrows.assertThrows(AssertThrows.java:53)
	at org.junit.jupiter.api.AssertThrows.assertThrows(AssertThrows.java:35)
	at org.junit.jupiter.api.Assertions.assertThrows(Assertions.java:3128)
	at com.hilo.rewards.service.RewardServiceTest.processReward_blockchainFails_throwsException(RewardServiceTest.java:248)
	at java.base/jdk.internal.reflect.DirectMethodHandleAccessor.invoke(DirectMethodHandleAccessor.java:103)
	at java.base/java.lang.reflect.Method.invoke(Method.java:580)
	at org.junit.platform.commons.util.ReflectionUtils.invokeMethod(ReflectionUtils.java:767)
	at org.junit.jupiter.engine.execution.MethodInvocation.proceed(MethodInvocation.java:60)
	at org.junit.jupiter.engine.execution.InvocationInterceptorChain$ValidatingInvocation.proceed(InvocationInterceptorChain.java:131)
	at org.junit.jupiter.engine.extension.TimeoutExtension.intercept(TimeoutExtension.java:156)
	at org.junit.jupiter.engine.extension.TimeoutExtension.interceptTestableMethod(TimeoutExtension.java:147)
	at org.junit.jupiter.engine.extension.TimeoutExtension.interceptTestMethod(TimeoutExtension.java:86)
	at org.junit.jupiter.engine.execution.InterceptingExecutableInvoker$ReflectiveInterceptorCall.lambda$ofVoidMethod$0(InterceptingExecutableInvoker.java:103)
	at org.junit.jupiter.engine.execution.InterceptingExecutableInvoker.lambda$invoke$0(InterceptingExecutableInvoker.java:93)
	at org.junit.jupiter.engine.execution.InvocationInterceptorChain$InterceptedInvocation.proceed(InvocationInterceptorChain.java:106)
	at org.junit.jupiter.engine.execution.InvocationInterceptorChain.proceed(InvocationInterceptorChain.java:64)
	at org.junit.jupiter.engine.execution.InvocationInterceptorChain.chainAndInvoke(InvocationInterceptorChain.java:45)
	at org.junit.jupiter.engine.execution.InvocationInterceptorChain.invoke(InvocationInterceptorChain.java:37)
	at org.junit.jupiter.engine.execution.InterceptingExecutableInvoker.invoke(InterceptingExecutableInvoker.java:92)
	at org.junit.jupiter.engine.execution.InterceptingExecutableInvoker.invoke(InterceptingExecutableInvoker.java:86)
	at org.junit.jupiter.engine.descriptor.TestMethodTestDescriptor.lambda$invokeTestMethod$8(TestMethodTestDescriptor.java:217)
	at org.junit.platform.engine.support.hierarchical.ThrowableCollector.execute(ThrowableCollector.java:73)
	at org.junit.jupiter.engine.descriptor.TestMethodTestDescriptor.invokeTestMethod(TestMethodTestDescriptor.java:213)
	at org.junit.jupiter.engine.descriptor.TestMethodTestDescriptor.execute(TestMethodTestDescriptor.java:138)
	at org.junit.jupiter.engine.descriptor.TestMethodTestDescriptor.execute(TestMethodTestDescriptor.java:68)
	at org.junit.platform.engine.support.hierarchical.NodeTestTask.lambda$executeRecursively$6(NodeTestTask.java:156)
	at org.junit.platform.engine.support.hierarchical.ThrowableCollector.execute(ThrowableCollector.java:73)
	at org.junit.platform.engine.support.hierarchical.NodeTestTask.lambda$executeRecursively$8(NodeTestTask.java:146)
	at org.junit.platform.engine.support.hierarchical.Node.around(Node.java:137)
	at org.junit.platform.engine.support.hierarchical.NodeTestTask.lambda$executeRecursively$9(NodeTestTask.java:144)
	at org.junit.platform.engine.support.hierarchical.ThrowableCollector.execute(ThrowableCollector.java:73)
	at org.junit.platform.engine.support.hierarchical.NodeTestTask.executeRecursively(NodeTestTask.java:143)
	at org.junit.platform.engine.support.hierarchical.NodeTestTask.execute(NodeTestTask.java:100)
	at java.base/java.util.ArrayList.forEach(ArrayList.java:1596)
	at org.junit.platform.engine.support.hierarchical.SameThreadHierarchicalTestExecutorService.invokeAll(SameThreadHierarchicalTestExecutorService.java:41)
	at org.junit.platform.engine.support.hierarchical.NodeTestTask.lambda$executeRecursively$6(NodeTestTask.java:160)
	at org.junit.platform.engine.support.hierarchical.ThrowableCollector.execute(ThrowableCollector.java:73)
	at org.junit.platform.engine.support.hierarchical.NodeTestTask.lambda$executeRecursively$8(NodeTestTask.java:146)
	at org.junit.platform.engine.support.hierarchical.Node.around(Node.java:137)
	at org.junit.platform.engine.support.hierarchical.NodeTestTask.lambda$executeRecursively$9(NodeTestTask.java:144)
	at org.junit.platform.engine.support.hierarchical.ThrowableCollector.execute(ThrowableCollector.java:73)
	at org.junit.platform.engine.support.hierarchical.NodeTestTask.executeRecursively(NodeTestTask.java:143)
	at org.junit.platform.engine.support.hierarchical.NodeTestTask.execute(NodeTestTask.java:100)
	at java.base/java.util.ArrayList.forEach(ArrayList.java:1596)
	at org.junit.platform.engine.support.hierarchical.SameThreadHierarchicalTestExecutorService.invokeAll(SameThreadHierarchicalTestExecutorService.java:41)
	at org.junit.platform.engine.support.hierarchical.NodeTestTask.lambda$executeRecursively$6(NodeTestTask.java:160)
	at org.junit.platform.engine.support.hierarchical.ThrowableCollector.execute(ThrowableCollector.java:73)
	at org.junit.platform.engine.support.hierarchical.NodeTestTask.lambda$executeRecursively$8(NodeTestTask.java:146)
	at org.junit.platform.engine.support.hierarchical.Node.around(Node.java:137)
	at org.junit.platform.engine.support.hierarchical.NodeTestTask.lambda$executeRecursively$9(NodeTestTask.java:144)
	at org.junit.platform.engine.support.hierarchical.ThrowableCollector.execute(ThrowableCollector.java:73)
	at org.junit.platform.engine.support.hierarchical.NodeTestTask.executeRecursively(NodeTestTask.java:143)
	at org.junit.platform.engine.support.hierarchical.NodeTestTask.execute(NodeTestTask.java:100)
	at org.junit.platform.engine.support.hierarchical.SameThreadHierarchicalTestExecutorService.submit(SameThreadHierarchicalTestExecutorService.java:35)
	at org.junit.platform.engine.support.hierarchical.HierarchicalTestExecutor.execute(HierarchicalTestExecutor.java:57)
	at org.junit.platform.engine.support.hierarchical.HierarchicalTestEngine.execute(HierarchicalTestEngine.java:54)
	at org.junit.platform.launcher.core.EngineExecutionOrchestrator.execute(EngineExecutionOrchestrator.java:198)
	at org.junit.platform.launcher.core.EngineExecutionOrchestrator.execute(EngineExecutionOrchestrator.java:169)
	at org.junit.platform.launcher.core.EngineExecutionOrchestrator.execute(EngineExecutionOrchestrator.java:93)
	at org.junit.platform.launcher.core.EngineExecutionOrchestrator.lambda$execute$0(EngineExecutionOrchestrator.java:58)
	at org.junit.platform.launcher.core.EngineExecutionOrchestrator.withInterceptedStreams(EngineExecutionOrchestrator.java:141)
	at org.junit.platform.launcher.core.EngineExecutionOrchestrator.execute(EngineExecutionOrchestrator.java:57)
	at org.junit.platform.launcher.core.DefaultLauncher.execute(DefaultLauncher.java:103)
	at org.junit.platform.launcher.core.DefaultLauncher.execute(DefaultLauncher.java:85)
	at org.junit.platform.launcher.core.DelegatingLauncher.execute(DelegatingLauncher.java:47)
	at org.apache.maven.surefire.junitplatform.LazyLauncher.execute(LazyLauncher.java:56)
	at org.apache.maven.surefire.junitplatform.JUnitPlatformProvider.execute(JUnitPlatformProvider.java:184)
	at org.apache.maven.surefire.junitplatform.JUnitPlatformProvider.invokeAllTests(JUnitPlatformProvider.java:148)
	at org.apache.maven.surefire.junitplatform.JUnitPlatformProvider.invoke(JUnitPlatformProvider.java:122)
	at org.apache.maven.surefire.booter.ForkedBooter.runSuitesInProcess(ForkedBooter.java:385)
	at org.apache.maven.surefire.booter.ForkedBooter.execute(ForkedBooter.java:162)
	at org.apache.maven.surefire.booter.ForkedBooter.run(ForkedBooter.java:507)
	at org.apache.maven.surefire.booter.ForkedBooter.main(ForkedBooter.java:495)
]]></system-out>
  </testcase>
  <testcase name="processReward_insufficientGas_throwsException" classname="com.hilo.rewards.service.RewardServiceTest" time="0.009">
    <system-out><![CDATA[12:17:03.059 [main] INFO com.hilo.rewards.service.RewardService -- Processing reward: rewardId=0x031aae80f4ca65987e191aeb3284433b354e2a4f8855a6e1d7d980742ec747a2, groupId=100, userId=admin-user
]]></system-out>
  </testcase>
  <testcase name="processReward_zeroAddress_throwsException" classname="com.hilo.rewards.service.RewardServiceTest" time="0.006">
    <system-out><![CDATA[12:17:03.066 [main] INFO com.hilo.rewards.service.RewardService -- Processing reward: rewardId=0x031aae80f4ca65987e191aeb3284433b354e2a4f8855a6e1d7d980742ec747a2, groupId=100, userId=admin-user
]]></system-out>
  </testcase>
  <testcase name="processReward_invalidWalletLength_throwsException" classname="com.hilo.rewards.service.RewardServiceTest" time="0.007">
    <system-out><![CDATA[12:17:03.074 [main] INFO com.hilo.rewards.service.RewardService -- Processing reward: rewardId=0x031aae80f4ca65987e191aeb3284433b354e2a4f8855a6e1d7d980742ec747a2, groupId=100, userId=admin-user
]]></system-out>
  </testcase>
  <testcase name="processReward_rateLimited_throwsException" classname="com.hilo.rewards.service.RewardServiceTest" time="0.007">
    <system-out><![CDATA[12:17:03.082 [main] INFO com.hilo.rewards.service.RewardService -- Processing reward: rewardId=0x031aae80f4ca65987e191aeb3284433b354e2a4f8855a6e1d7d980742ec747a2, groupId=100, userId=admin-user
]]></system-out>
  </testcase>
  <testcase name="processReward_successfulFlow" classname="com.hilo.rewards.service.RewardServiceTest" time="0.02">
    <system-out><![CDATA[12:17:03.094 [main] INFO com.hilo.rewards.service.RewardService -- Processing reward: rewardId=0x031aae80f4ca65987e191aeb3284433b354e2a4f8855a6e1d7d980742ec747a2, groupId=100, userId=admin-user
]]></system-out>
  </testcase>
  <testcase name="processReward_courseNotFound_throwsException" classname="com.hilo.rewards.service.RewardServiceTest" time="0.006">
    <system-out><![CDATA[12:17:03.110 [main] INFO com.hilo.rewards.service.RewardService -- Processing reward: rewardId=0x031aae80f4ca65987e191aeb3284433b354e2a4f8855a6e1d7d980742ec747a2, groupId=100, userId=admin-user
]]></system-out>
  </testcase>
  <testcase name="processReward_profileNotFound_throwsException" classname="com.hilo.rewards.service.RewardServiceTest" time="0.007">
    <system-out><![CDATA[12:17:03.117 [main] INFO com.hilo.rewards.service.RewardService -- Processing reward: rewardId=0x031aae80f4ca65987e191aeb3284433b354e2a4f8855a6e1d7d980742ec747a2, groupId=100, userId=admin-user
]]></system-out>
  </testcase>
</testsuite>